<?xml version="1.0" encoding="UTF-8"?>
<!-- Generated by org.testng.reporters.JUnitReportReporter -->
<testsuite hostname="TLPSYS11" name="hmstest.jenkins_testTest" tests="1" failures="0" timestamp="25 Sep 2019 09:32:37 GMT" time="90.112" errors="0">
  <testcase name="f" time="90.112" classname="hmstest.jenkins_testTest"/>
</testsuite> <!-- hmstest.jenkins_testTest -->
